<?xml version="1.0" encoding="UTF-8"?>
<!-- Generated by org.testng.reporters.JUnitReportReporter -->
<testsuite hostname="DESKTOP-2DKGC34" failures="0" tests="1" name="com.bangladesh.TestRunnerr.TestRunnerr" time="30.126" errors="0" timestamp="2022-02-12T20:14:51 BDT" skipped="0">
  <testcase classname="com.bangladesh.TestRunnerr.TestRunnerr" name="feature" time="30.126"/>
  <system-out/>
</testsuite> <!-- com.bangladesh.TestRunnerr.TestRunnerr -->
