<?xml version="1.0" encoding="UTF-8"?>
<!-- Generated by org.testng.reporters.JUnitReportReporter -->
<testsuite hostname="DESKTOP-2DKGC34" failures="0" tests="1" name="com.bangladesh.TestRunnerr.TestRunnerr" time="15.366" errors="0" timestamp="2022-02-12T17:12:04 BDT" skipped="0">
  <testcase classname="com.bangladesh.TestRunnerr.TestRunnerr" name="feature" time="15.366"/>
  <system-out/>
</testsuite> <!-- com.bangladesh.TestRunnerr.TestRunnerr -->
